
Eval Config:
USE_PARALLEL         : False                         
NUM_PARALLEL_CORES   : 1                             
BREAK_ON_ERROR       : True                          
RETURN_ON_ERROR      : False                         
LOG_ON_ERROR         : /export/home/group07/test/W2/part2/task_2_3/TrackEval/error_log.txt
PRINT_RESULTS        : True                          
PRINT_ONLY_COMBINED  : False                         
PRINT_CONFIG         : True                          
TIME_PROGRESS        : True                          
DISPLAY_LESS_PROGRESS : False                         
OUTPUT_SUMMARY       : True                          
OUTPUT_EMPTY_CLASSES : True                          
OUTPUT_DETAILED      : True                          
PLOT_CURVES          : True                          

MotChallenge2DBox Config:
PRINT_CONFIG         : True                          
GT_FOLDER            : /export/home/group07/test/W2/part2/task_2_3/TrackEval/data/gt/mot_challenge/
TRACKERS_FOLDER      : /export/home/group07/test/W2/part2/task_2_3/TrackEval/data/trackers/mot_challenge/
OUTPUT_FOLDER        : None                          
TRACKERS_TO_EVAL     : None                          
CLASSES_TO_EVAL      : ['pedestrian']                
BENCHMARK            : ai_challenge                  
SPLIT_TO_EVAL        : train                         
INPUT_AS_ZIP         : False                         
DO_PREPROC           : False                         
TRACKER_SUB_FOLDER   : data                          
OUTPUT_SUB_FOLDER    :                               
TRACKER_DISPLAY_NAMES : None                          
SEQMAP_FOLDER        : None                          
SEQMAP_FILE          : None                          
SEQ_INFO             : None                          
GT_LOC_FORMAT        : {gt_folder}/{seq}/gt/gt.txt   
SKIP_SPLIT_FOL       : False                         

Identity Config:
METRICS              : ['Identity']                  
THRESHOLD            : 0.5                           
PRINT_CONFIG         : True                          

Evaluating 2 tracker(s) on 1 sequence(s) for 1 class(es) on MotChallenge2DBox dataset using the following metrics: Identity, Count


Evaluating task_2_1

    MotChallenge2DBox.get_raw_seq_data(task_2_1, ai_challenge-03)          0.2887 sec
    MotChallenge2DBox.get_preprocessed_seq_data(pedestrian)                0.2044 sec
    Identity.eval_sequence()                                               0.0293 sec
    Count.eval_sequence()                                                  0.0000 sec
1 eval_sequence(ai_challenge-03, task_2_1)                               0.5264 sec

All sequences for task_2_1 finished in 0.53 seconds

Identity: task_2_1-pedestrian      IDF1      IDR       IDP       IDTP      IDFN      IDFP      
ai_challenge-03                    27.215    16.88     70.191    3645      17949     1548      
COMBINED                           27.215    16.88     70.191    3645      17949     1548      

Count: task_2_1-pedestrian         Dets      GT_Dets   IDs       GT_IDs    
ai_challenge-03                    5193      21594     153       56        
COMBINED                           5193      21594     153       56        

Evaluating task_2_2

    MotChallenge2DBox.get_raw_seq_data(task_2_2, ai_challenge-03)          0.3429 sec
    MotChallenge2DBox.get_preprocessed_seq_data(pedestrian)                0.2669 sec
    Identity.eval_sequence()                                               0.0360 sec
    Count.eval_sequence()                                                  0.0000 sec
2 eval_sequence(ai_challenge-03, task_2_2)                               0.6514 sec

All sequences for task_2_2 finished in 0.65 seconds

Identity: task_2_2-pedestrian      IDF1      IDR       IDP       IDTP      IDFN      IDFP      
ai_challenge-03                    43.958    36.019    56.387    7778      13816     6016      
COMBINED                           43.958    36.019    56.387    7778      13816     6016      

Count: task_2_2-pedestrian         Dets      GT_Dets   IDs       GT_IDs    
ai_challenge-03                    13794     21594     232       56        
COMBINED                           13794     21594     232       56        

Timing analysis:
MotChallenge2DBox.get_raw_seq_data                                     0.6316 sec
MotChallenge2DBox.get_preprocessed_seq_data                            0.4713 sec
Identity.eval_sequence                                                 0.0653 sec
Count.eval_sequence                                                    0.0000 sec
eval_sequence                                                          1.1778 sec
Evaluator.evaluate                                                     1.1792 sec
