
Eval Config:
USE_PARALLEL         : False                         
NUM_PARALLEL_CORES   : 1                             
BREAK_ON_ERROR       : True                          
RETURN_ON_ERROR      : False                         
LOG_ON_ERROR         : /export/home/group07/test/W2/part2/task_2_3/TrackEval/error_log.txt
PRINT_RESULTS        : True                          
PRINT_ONLY_COMBINED  : False                         
PRINT_CONFIG         : True                          
TIME_PROGRESS        : True                          
DISPLAY_LESS_PROGRESS : False                         
OUTPUT_SUMMARY       : True                          
OUTPUT_EMPTY_CLASSES : True                          
OUTPUT_DETAILED      : True                          
PLOT_CURVES          : True                          

MotChallenge2DBox Config:
PRINT_CONFIG         : True                          
GT_FOLDER            : /export/home/group07/test/W2/part2/task_2_3/TrackEval/data/gt/mot_challenge/
TRACKERS_FOLDER      : /export/home/group07/test/W2/part2/task_2_3/TrackEval/data/trackers/mot_challenge/
OUTPUT_FOLDER        : None                          
TRACKERS_TO_EVAL     : None                          
CLASSES_TO_EVAL      : ['pedestrian']                
BENCHMARK            : ai_challenge                  
SPLIT_TO_EVAL        : train                         
INPUT_AS_ZIP         : False                         
DO_PREPROC           : False                         
TRACKER_SUB_FOLDER   : data                          
OUTPUT_SUB_FOLDER    :                               
TRACKER_DISPLAY_NAMES : None                          
SEQMAP_FOLDER        : None                          
SEQMAP_FILE          : None                          
SEQ_INFO             : None                          
GT_LOC_FORMAT        : {gt_folder}/{seq}/gt/gt.txt   
SKIP_SPLIT_FOL       : False                         

Evaluating 7 tracker(s) on 1 sequence(s) for 1 class(es) on MotChallenge2DBox dataset using the following metrics: HOTA, Count


Evaluating task_2_2_det_th_03

    MotChallenge2DBox.get_raw_seq_data(task_2_2_det_th_03, ai_challenge-03) 0.4328 sec
    MotChallenge2DBox.get_preprocessed_seq_data(pedestrian)                0.2725 sec
    HOTA.eval_sequence()                                                   0.7051 sec
    Count.eval_sequence()                                                  0.0000 sec
1 eval_sequence(ai_challenge-03, task_2_2_det_th_03)                     1.4198 sec

All sequences for task_2_2_det_th_03 finished in 1.42 seconds

HOTA: task_2_2_det_th_03-pedestrianHOTA      DetA      AssA      DetRe     DetPr     AssRe     AssPr     LocA      OWTA      HOTA(0)   LocA(0)   HOTALocA(0)
ai_challenge-03                    48.03     39.071    63.005    57.59     50.046    64.612    88.508    80.73     58.963    58.806    71.498    42.045    
COMBINED                           48.03     39.071    63.005    57.59     50.046    64.612    88.508    80.73     58.963    58.806    71.498    42.045    

Count: task_2_2_det_th_03-pedestrianDets      GT_Dets   IDs       GT_IDs    
ai_challenge-03                    24849     21594     770       56        
COMBINED                           24849     21594     770       56        

Evaluating task_2_1_det_th_05

    MotChallenge2DBox.get_raw_seq_data(task_2_1_det_th_05, ai_challenge-03) 0.4316 sec
    MotChallenge2DBox.get_preprocessed_seq_data(pedestrian)                0.2762 sec
    HOTA.eval_sequence()                                                   0.7115 sec
    Count.eval_sequence()                                                  0.0000 sec
2 eval_sequence(ai_challenge-03, task_2_1_det_th_05)                     1.4278 sec

All sequences for task_2_1_det_th_05 finished in 1.43 seconds

HOTA: task_2_1_det_th_05-pedestrianHOTA      DetA      AssA      DetRe     DetPr     AssRe     AssPr     LocA      OWTA      HOTA(0)   LocA(0)   HOTALocA(0)
ai_challenge-03                    53.06     45.277    65.175    56.217    62.662    66.909    88.699    81.325    59.731    67.577    71.889    48.58     
COMBINED                           53.06     45.277    65.175    56.217    62.662    66.909    88.699    81.325    59.731    67.577    71.889    48.58     

Count: task_2_1_det_th_05-pedestrianDets      GT_Dets   IDs       GT_IDs    
ai_challenge-03                    19373     21594     800       56        
COMBINED                           19373     21594     800       56        

Evaluating task_2_1

    MotChallenge2DBox.get_raw_seq_data(task_2_1, ai_challenge-03)          0.2753 sec
    MotChallenge2DBox.get_preprocessed_seq_data(pedestrian)                0.2081 sec
    HOTA.eval_sequence()                                                   0.2940 sec
    Count.eval_sequence()                                                  0.0000 sec
3 eval_sequence(ai_challenge-03, task_2_1)                               0.7819 sec

All sequences for task_2_1 finished in 0.78 seconds

HOTA: task_2_1-pedestrian          HOTA      DetA      AssA      DetRe     DetPr     AssRe     AssPr     LocA      OWTA      HOTA(0)   LocA(0)   HOTALocA(0)
ai_challenge-03                    23.865    17.832    32.798    18.45     76.722    33.54     90.663    83.396    24.346    27.705    76.406    21.168    
COMBINED                           23.865    17.832    32.798    18.45     76.722    33.54     90.663    83.396    24.346    27.705    76.406    21.168    

Count: task_2_1-pedestrian         Dets      GT_Dets   IDs       GT_IDs    
ai_challenge-03                    5193      21594     153       56        
COMBINED                           5193      21594     153       56        

Evaluating task_2_2

    MotChallenge2DBox.get_raw_seq_data(task_2_2, ai_challenge-03)          0.3494 sec
    MotChallenge2DBox.get_preprocessed_seq_data(pedestrian)                0.2665 sec
    HOTA.eval_sequence()                                                   0.6929 sec
    Count.eval_sequence()                                                  0.0000 sec
4 eval_sequence(ai_challenge-03, task_2_2)                               1.3151 sec

All sequences for task_2_2 finished in 1.32 seconds

HOTA: task_2_2-pedestrian          HOTA      DetA      AssA      DetRe     DetPr     AssRe     AssPr     LocA      OWTA      HOTA(0)   LocA(0)   HOTALocA(0)
ai_challenge-03                    47.837    45.378    53.022    49.037    76.766    54.045    90.889    82.856    50.178    56.196    76.045    42.734    
COMBINED                           47.837    45.378    53.022    49.037    76.766    54.045    90.889    82.856    50.178    56.196    76.045    42.734    

Count: task_2_2-pedestrian         Dets      GT_Dets   IDs       GT_IDs    
ai_challenge-03                    13794     21594     232       56        
COMBINED                           13794     21594     232       56        

Evaluating task_2_2_det_th_05

    MotChallenge2DBox.get_raw_seq_data(task_2_2_det_th_05, ai_challenge-03) 0.3869 sec
    MotChallenge2DBox.get_preprocessed_seq_data(pedestrian)                0.2686 sec
    HOTA.eval_sequence()                                                   0.6942 sec
    Count.eval_sequence()                                                  0.0000 sec
5 eval_sequence(ai_challenge-03, task_2_2_det_th_05)                     1.3561 sec

All sequences for task_2_2_det_th_05 finished in 1.36 seconds

HOTA: task_2_2_det_th_05-pedestrianHOTA      DetA      AssA      DetRe     DetPr     AssRe     AssPr     LocA      OWTA      HOTA(0)   LocA(0)   HOTALocA(0)
ai_challenge-03                    53.545    46.369    65.541    54.01     67.911    67.157    89.952    81.354    58.466    65.744    72.639    47.756    
COMBINED                           53.545    46.369    65.541    54.01     67.911    67.157    89.952    81.354    58.466    65.744    72.639    47.756    

Count: task_2_2_det_th_05-pedestrianDets      GT_Dets   IDs       GT_IDs    
ai_challenge-03                    17174     21594     328       56        
COMBINED                           17174     21594     328       56        

Evaluating task_2_1_min_iou_07

    MotChallenge2DBox.get_raw_seq_data(task_2_1_min_iou_07, ai_challenge-03) 0.3539 sec
    MotChallenge2DBox.get_preprocessed_seq_data(pedestrian)                0.2698 sec
    HOTA.eval_sequence()                                                   0.7018 sec
    Count.eval_sequence()                                                  0.0000 sec
6 eval_sequence(ai_challenge-03, task_2_1_min_iou_07)                    1.3320 sec

All sequences for task_2_1_min_iou_07 finished in 1.33 seconds

HOTA: task_2_1_min_iou_07-pedestrianHOTA      DetA      AssA      DetRe     DetPr     AssRe     AssPr     LocA      OWTA      HOTA(0)   LocA(0)   HOTALocA(0)
ai_challenge-03                    49.867    47.08     55.377    52.021    74.473    56.375    91.352    82.613    52.918    60.25     74.792    45.062    
COMBINED                           49.867    47.08     55.377    52.021    74.473    56.375    91.352    82.613    52.918    60.25     74.792    45.062    

Count: task_2_1_min_iou_07-pedestrianDets      GT_Dets   IDs       GT_IDs    
ai_challenge-03                    15084     21594     833       56        
COMBINED                           15084     21594     833       56        

Evaluating task_2_1_det_th_05_min_iou_07

    MotChallenge2DBox.get_raw_seq_data(task_2_1_det_th_05_min_iou_07, ai_challenge-03) 0.3691 sec
    MotChallenge2DBox.get_preprocessed_seq_data(pedestrian)                0.2762 sec
    HOTA.eval_sequence()                                                   0.7183 sec
    Count.eval_sequence()                                                  0.0000 sec
7 eval_sequence(ai_challenge-03, task_2_1_det_th_05_min_iou_07)          1.3703 sec

All sequences for task_2_1_det_th_05_min_iou_07 finished in 1.37 seconds

HOTA: task_2_1_det_th_05_min_iou_07-pedestrianHOTA      DetA      AssA      DetRe     DetPr     AssRe     AssPr     LocA      OWTA      HOTA(0)   LocA(0)   HOTALocA(0)
ai_challenge-03                    49.083    45.264    56.053    56.252    62.6      57.144    90.468    81.331    55.304    62.163    71.901    44.696    
COMBINED                           49.083    45.264    56.053    56.252    62.6      57.144    90.468    81.331    55.304    62.163    71.901    44.696    

Count: task_2_1_det_th_05_min_iou_07-pedestrianDets      GT_Dets   IDs       GT_IDs    
ai_challenge-03                    19404     21594     1542      56        
COMBINED                           19404     21594     1542      56        

Timing analysis:
MotChallenge2DBox.get_raw_seq_data                                     2.5990 sec
MotChallenge2DBox.get_preprocessed_seq_data                            1.8379 sec
HOTA.eval_sequence                                                     4.5178 sec
Count.eval_sequence                                                    0.0000 sec
eval_sequence                                                          9.0031 sec
Evaluator.evaluate                                                     11.1796 sec
