Constructing pyramid...done!
Pyramid level 13
Pyramid level 12
Pyramid level 11
Pyramid level 10
Pyramid level 9
Pyramid level 8
Pyramid level 7
Pyramid level 6
Pyramid level 5
Pyramid level 4
Pyramid level 3
Pyramid level 2
Pyramid level 1
Pyramid level 0
Reading 376 x 1241 flow file in .png format
(376, 1241, 3)

TIME (PyFlow): 6.3564s
TIME (RAFT): 0.9836s
TIME (GMFlow No Refine): 0.8702s
TIME (GMFlow): 1.0199s

MSEN (PyFlow): 0.9371
MSEN (RAFT): 0.6472
MSEN (GMFlow No Refine): 0.7066
MSEN (GMFlow): 0.6010

PEPN (PyFlow): 7.40%
PEPN (RAFT): 3.14%
PEPN (GMFlow No Refine): 2.70%
PEPN (GMFlow): 2.66%
