======================== Central =======================
KEY: brush_hair ACC = 0.23333333333333334
KEY: catch ACC = 0.43333333333333335
KEY: clap ACC = 0.03333333333333333
KEY: climb_stairs ACC = 0.13333333333333333
KEY: draw_sword ACC = 0.1
KEY: drink ACC = 0.03333333333333333
KEY: fall_floor ACC = 0.0
KEY: flic_flac ACC = 0.1724137931034483
KEY: handstand ACC = 0.06666666666666667
KEY: hug ACC = 0.7
KEY: kick ACC = 0.03333333333333333
KEY: kiss ACC = 0.0
KEY: pick ACC = 0.0
KEY: pullup ACC = 0.16666666666666666
KEY: push ACC = 0.06666666666666667
KEY: ride_bike ACC = 0.3
KEY: run ACC = 0.03333333333333333
KEY: shoot_ball ACC = 0.0
KEY: shoot_gun ACC = 0.0
KEY: situp ACC = 0.1724137931034483
KEY: smoke ACC = 0.20689655172413793
KEY: stand ACC = 0.0
KEY: sword ACC = 0.0
KEY: talk ACC = 0.10344827586206896
KEY: turn ACC = 0.26666666666666666
KEY: wave ACC = 0.0
KEY: cartwheel ACC = 0.03333333333333333
KEY: chew ACC = 0.3333333333333333
KEY: climb ACC = 0.3333333333333333
KEY: dive ACC = 0.2
KEY: dribble ACC = 0.5517241379310345
KEY: eat ACC = 0.06896551724137931
KEY: fencing ACC = 0.03333333333333333
KEY: golf ACC = 0.5333333333333333
KEY: hit ACC = 0.0
KEY: jump ACC = 0.13333333333333333
KEY: kick_ball ACC = 0.2
KEY: laugh ACC = 0.0
KEY: pour ACC = 0.16666666666666666
KEY: punch ACC = 0.06666666666666667
KEY: pushup ACC = 0.43333333333333335
KEY: ride_horse ACC = 0.2
KEY: shake_hands ACC = 0.034482758620689655
KEY: shoot_bow ACC = 0.26666666666666666
KEY: sit ACC = 0.03333333333333333
KEY: smile ACC = 0.03333333333333333
KEY: somersault ACC = 0.16666666666666666
KEY: swing_baseball ACC = 0.13793103448275862
KEY: sword_exercise ACC = 0.0
KEY: throw ACC = 0.03333333333333333
KEY: walk ACC = 0.13333333333333333
WEIGHTED AVERAGE ACCURACY = 0.14502307185234017
======================== RandomResize =======================
KEY: brush_hair ACC = 0.26666666666666666
KEY: catch ACC = 0.43333333333333335
KEY: clap ACC = 0.03333333333333333
KEY: climb_stairs ACC = 0.1
KEY: draw_sword ACC = 0.06666666666666667
KEY: drink ACC = 0.03333333333333333
KEY: fall_floor ACC = 0.0
KEY: flic_flac ACC = 0.1724137931034483
KEY: handstand ACC = 0.06666666666666667
KEY: hug ACC = 0.7
KEY: kick ACC = 0.03333333333333333
KEY: kiss ACC = 0.0
KEY: pick ACC = 0.0
KEY: pullup ACC = 0.2
KEY: push ACC = 0.06666666666666667
KEY: ride_bike ACC = 0.23333333333333334
KEY: run ACC = 0.06666666666666667
KEY: shoot_ball ACC = 0.034482758620689655
KEY: shoot_gun ACC = 0.0
KEY: situp ACC = 0.1724137931034483
KEY: smoke ACC = 0.13793103448275862
KEY: stand ACC = 0.0
KEY: sword ACC = 0.0
KEY: talk ACC = 0.10344827586206896
KEY: turn ACC = 0.3333333333333333
KEY: wave ACC = 0.0
KEY: cartwheel ACC = 0.03333333333333333
KEY: chew ACC = 0.3333333333333333
KEY: climb ACC = 0.36666666666666664
KEY: dive ACC = 0.13333333333333333
KEY: dribble ACC = 0.5517241379310345
KEY: eat ACC = 0.06896551724137931
KEY: fencing ACC = 0.03333333333333333
KEY: golf ACC = 0.5666666666666667
KEY: hit ACC = 0.0
KEY: jump ACC = 0.13333333333333333
KEY: kick_ball ACC = 0.23333333333333334
KEY: laugh ACC = 0.0
KEY: pour ACC = 0.2
KEY: punch ACC = 0.06666666666666667
KEY: pushup ACC = 0.26666666666666666
KEY: ride_horse ACC = 0.16666666666666666
KEY: shake_hands ACC = 0.034482758620689655
KEY: shoot_bow ACC = 0.36666666666666664
KEY: sit ACC = 0.0
KEY: smile ACC = 0.03333333333333333
KEY: somersault ACC = 0.2
KEY: swing_baseball ACC = 0.13793103448275862
KEY: sword_exercise ACC = 0.0
KEY: throw ACC = 0.03333333333333333
KEY: walk ACC = 0.1
WEIGHTED AVERAGE ACCURACY = 0.14370468029004616
======================== FiveCrop =======================
KEY: brush_hair ACC = 0.26666666666666666
KEY: catch ACC = 0.43333333333333335
KEY: clap ACC = 0.03333333333333333
KEY: climb_stairs ACC = 0.1
KEY: draw_sword ACC = 0.06666666666666667
KEY: drink ACC = 0.03333333333333333
KEY: fall_floor ACC = 0.0
KEY: flic_flac ACC = 0.1724137931034483
KEY: handstand ACC = 0.06666666666666667
KEY: hug ACC = 0.7
KEY: kick ACC = 0.03333333333333333
KEY: kiss ACC = 0.0
KEY: pick ACC = 0.0
KEY: pullup ACC = 0.2
KEY: push ACC = 0.06666666666666667
KEY: ride_bike ACC = 0.3
KEY: run ACC = 0.03333333333333333
KEY: shoot_ball ACC = 0.0
KEY: shoot_gun ACC = 0.0
KEY: situp ACC = 0.13793103448275862
KEY: smoke ACC = 0.10344827586206896
KEY: stand ACC = 0.0
KEY: sword ACC = 0.0
KEY: talk ACC = 0.06896551724137931
KEY: turn ACC = 0.3
KEY: wave ACC = 0.0
KEY: cartwheel ACC = 0.06666666666666667
KEY: chew ACC = 0.3333333333333333
KEY: climb ACC = 0.4
KEY: dive ACC = 0.16666666666666666
KEY: dribble ACC = 0.6206896551724138
KEY: eat ACC = 0.06896551724137931
KEY: fencing ACC = 0.03333333333333333
KEY: golf ACC = 0.5666666666666667
KEY: hit ACC = 0.0
KEY: jump ACC = 0.13333333333333333
KEY: kick_ball ACC = 0.2
KEY: laugh ACC = 0.0
KEY: pour ACC = 0.16666666666666666
KEY: punch ACC = 0.06666666666666667
KEY: pushup ACC = 0.26666666666666666
KEY: ride_horse ACC = 0.2
KEY: shake_hands ACC = 0.034482758620689655
KEY: shoot_bow ACC = 0.36666666666666664
KEY: sit ACC = 0.03333333333333333
KEY: smile ACC = 0.0
KEY: somersault ACC = 0.2
KEY: swing_baseball ACC = 0.13793103448275862
KEY: sword_exercise ACC = 0.0
KEY: throw ACC = 0.03333333333333333
KEY: walk ACC = 0.16666666666666666
WEIGHTED AVERAGE ACCURACY = 0.14502307185234015
======================== TenCrop =======================
KEY: brush_hair ACC = 0.2
KEY: catch ACC = 0.43333333333333335
KEY: clap ACC = 0.03333333333333333
KEY: climb_stairs ACC = 0.13333333333333333
KEY: draw_sword ACC = 0.03333333333333333
KEY: drink ACC = 0.03333333333333333
KEY: fall_floor ACC = 0.0
KEY: flic_flac ACC = 0.1724137931034483
KEY: handstand ACC = 0.06666666666666667
KEY: hug ACC = 0.7333333333333333
KEY: kick ACC = 0.03333333333333333
KEY: kiss ACC = 0.0
KEY: pick ACC = 0.0
KEY: pullup ACC = 0.1
KEY: push ACC = 0.06666666666666667
KEY: ride_bike ACC = 0.16666666666666666
KEY: run ACC = 0.03333333333333333
KEY: shoot_ball ACC = 0.034482758620689655
KEY: shoot_gun ACC = 0.0
KEY: situp ACC = 0.1724137931034483
KEY: smoke ACC = 0.13793103448275862
KEY: stand ACC = 0.0
KEY: sword ACC = 0.0
KEY: talk ACC = 0.10344827586206896
KEY: turn ACC = 0.3
KEY: wave ACC = 0.034482758620689655
KEY: cartwheel ACC = 0.06666666666666667
KEY: chew ACC = 0.36666666666666664
KEY: climb ACC = 0.36666666666666664
KEY: dive ACC = 0.13333333333333333
KEY: dribble ACC = 0.5862068965517241
KEY: eat ACC = 0.06896551724137931
KEY: fencing ACC = 0.03333333333333333
KEY: golf ACC = 0.5666666666666667
KEY: hit ACC = 0.0
KEY: jump ACC = 0.13333333333333333
KEY: kick_ball ACC = 0.2
KEY: laugh ACC = 0.0
KEY: pour ACC = 0.16666666666666666
KEY: punch ACC = 0.1
KEY: pushup ACC = 0.3
KEY: ride_horse ACC = 0.2
KEY: shake_hands ACC = 0.034482758620689655
KEY: shoot_bow ACC = 0.4
KEY: sit ACC = 0.0
KEY: smile ACC = 0.03333333333333333
KEY: somersault ACC = 0.23333333333333334
KEY: swing_baseball ACC = 0.13793103448275862
KEY: sword_exercise ACC = 0.0
KEY: throw ACC = 0.03333333333333333
KEY: walk ACC = 0.13333333333333333
WEIGHTED AVERAGE ACCURACY = 0.14370468029004616
