======================== Central =======================
KEY: brush_hair ACC = 0.1
KEY: catch ACC = 0.43333333333333335
KEY: clap ACC = 0.0
KEY: climb_stairs ACC = 0.0
KEY: draw_sword ACC = 0.03333333333333333
KEY: drink ACC = 0.0
KEY: fall_floor ACC = 0.0
KEY: flic_flac ACC = 0.3793103448275862
KEY: handstand ACC = 0.0
KEY: hug ACC = 0.1
KEY: kick ACC = 0.0
KEY: kiss ACC = 0.0
KEY: pick ACC = 0.0
KEY: pullup ACC = 0.0
KEY: push ACC = 0.03333333333333333
KEY: ride_bike ACC = 0.36666666666666664
KEY: run ACC = 0.26666666666666666
KEY: shoot_ball ACC = 0.0
KEY: shoot_gun ACC = 0.0
KEY: situp ACC = 0.0
KEY: smoke ACC = 0.3103448275862069
KEY: stand ACC = 0.0
KEY: sword ACC = 0.1
KEY: talk ACC = 0.10344827586206896
KEY: turn ACC = 0.3
KEY: wave ACC = 0.0
KEY: cartwheel ACC = 0.0
KEY: chew ACC = 0.26666666666666666
KEY: climb ACC = 0.26666666666666666
KEY: dive ACC = 0.36666666666666664
KEY: dribble ACC = 0.2413793103448276
KEY: eat ACC = 0.1724137931034483
KEY: fencing ACC = 0.0
KEY: golf ACC = 0.7
KEY: hit ACC = 0.2
KEY: jump ACC = 0.13333333333333333
KEY: kick_ball ACC = 0.0
KEY: laugh ACC = 0.0
KEY: pour ACC = 0.0
KEY: punch ACC = 0.0
KEY: pushup ACC = 0.0
KEY: ride_horse ACC = 0.1
KEY: shake_hands ACC = 0.0
KEY: shoot_bow ACC = 0.13333333333333333
KEY: sit ACC = 0.0
KEY: smile ACC = 0.43333333333333335
KEY: somersault ACC = 0.03333333333333333
KEY: swing_baseball ACC = 0.034482758620689655
KEY: sword_exercise ACC = 0.0
KEY: throw ACC = 0.0
KEY: walk ACC = 0.03333333333333333
WEIGHTED AVERAGE ACCURACY = 0.1107448912326961
======================== RandomResize =======================
KEY: brush_hair ACC = 0.1
KEY: catch ACC = 0.43333333333333335
KEY: clap ACC = 0.03333333333333333
KEY: climb_stairs ACC = 0.03333333333333333
KEY: draw_sword ACC = 0.03333333333333333
KEY: drink ACC = 0.03333333333333333
KEY: fall_floor ACC = 0.0
KEY: flic_flac ACC = 0.41379310344827586
KEY: handstand ACC = 0.06666666666666667
KEY: hug ACC = 0.1
KEY: kick ACC = 0.0
KEY: kiss ACC = 0.0
KEY: pick ACC = 0.0
KEY: pullup ACC = 0.0
KEY: push ACC = 0.03333333333333333
KEY: ride_bike ACC = 0.36666666666666664
KEY: run ACC = 0.3
KEY: shoot_ball ACC = 0.0
KEY: shoot_gun ACC = 0.0
KEY: situp ACC = 0.0
KEY: smoke ACC = 0.3103448275862069
KEY: stand ACC = 0.0
KEY: sword ACC = 0.06666666666666667
KEY: talk ACC = 0.13793103448275862
KEY: turn ACC = 0.23333333333333334
KEY: wave ACC = 0.034482758620689655
KEY: cartwheel ACC = 0.0
KEY: chew ACC = 0.3
KEY: climb ACC = 0.23333333333333334
KEY: dive ACC = 0.36666666666666664
KEY: dribble ACC = 0.27586206896551724
KEY: eat ACC = 0.20689655172413793
KEY: fencing ACC = 0.0
KEY: golf ACC = 0.6666666666666666
KEY: hit ACC = 0.2
KEY: jump ACC = 0.13333333333333333
KEY: kick_ball ACC = 0.0
KEY: laugh ACC = 0.03333333333333333
KEY: pour ACC = 0.0
KEY: punch ACC = 0.0
KEY: pushup ACC = 0.0
KEY: ride_horse ACC = 0.1
KEY: shake_hands ACC = 0.0
KEY: shoot_bow ACC = 0.1
KEY: sit ACC = 0.0
KEY: smile ACC = 0.43333333333333335
KEY: somersault ACC = 0.0
KEY: swing_baseball ACC = 0.034482758620689655
KEY: sword_exercise ACC = 0.0
KEY: throw ACC = 0.0
KEY: walk ACC = 0.06666666666666667
WEIGHTED AVERAGE ACCURACY = 0.1153592617007251
======================== FiveCrop =======================
KEY: brush_hair ACC = 0.16666666666666666
KEY: catch ACC = 0.43333333333333335
KEY: clap ACC = 0.03333333333333333
KEY: climb_stairs ACC = 0.0
KEY: draw_sword ACC = 0.0
KEY: drink ACC = 0.03333333333333333
KEY: fall_floor ACC = 0.0
KEY: flic_flac ACC = 0.41379310344827586
KEY: handstand ACC = 0.0
KEY: hug ACC = 0.13333333333333333
KEY: kick ACC = 0.0
KEY: kiss ACC = 0.0
KEY: pick ACC = 0.0
KEY: pullup ACC = 0.0
KEY: push ACC = 0.03333333333333333
KEY: ride_bike ACC = 0.36666666666666664
KEY: run ACC = 0.23333333333333334
KEY: shoot_ball ACC = 0.0
KEY: shoot_gun ACC = 0.0
KEY: situp ACC = 0.0
KEY: smoke ACC = 0.27586206896551724
KEY: stand ACC = 0.0
KEY: sword ACC = 0.06666666666666667
KEY: talk ACC = 0.13793103448275862
KEY: turn ACC = 0.2
KEY: wave ACC = 0.0
KEY: cartwheel ACC = 0.0
KEY: chew ACC = 0.26666666666666666
KEY: climb ACC = 0.23333333333333334
KEY: dive ACC = 0.36666666666666664
KEY: dribble ACC = 0.2413793103448276
KEY: eat ACC = 0.20689655172413793
KEY: fencing ACC = 0.0
KEY: golf ACC = 0.7
KEY: hit ACC = 0.2
KEY: jump ACC = 0.13333333333333333
KEY: kick_ball ACC = 0.0
KEY: laugh ACC = 0.03333333333333333
KEY: pour ACC = 0.0
KEY: punch ACC = 0.0
KEY: pushup ACC = 0.0
KEY: ride_horse ACC = 0.1
KEY: shake_hands ACC = 0.034482758620689655
KEY: shoot_bow ACC = 0.1
KEY: sit ACC = 0.0
KEY: smile ACC = 0.36666666666666664
KEY: somersault ACC = 0.03333333333333333
KEY: swing_baseball ACC = 0.0
KEY: sword_exercise ACC = 0.0
KEY: throw ACC = 0.0
KEY: walk ACC = 0.06666666666666667
WEIGHTED AVERAGE ACCURACY = 0.11008569545154909
======================== TenCrop =======================
KEY: brush_hair ACC = 0.13333333333333333
KEY: catch ACC = 0.43333333333333335
KEY: clap ACC = 0.0
KEY: climb_stairs ACC = 0.0
KEY: draw_sword ACC = 0.0
KEY: drink ACC = 0.0
KEY: fall_floor ACC = 0.0
KEY: flic_flac ACC = 0.41379310344827586
KEY: handstand ACC = 0.03333333333333333
KEY: hug ACC = 0.13333333333333333
KEY: kick ACC = 0.0
KEY: kiss ACC = 0.0
KEY: pick ACC = 0.0
KEY: pullup ACC = 0.0
KEY: push ACC = 0.03333333333333333
KEY: ride_bike ACC = 0.4
KEY: run ACC = 0.26666666666666666
KEY: shoot_ball ACC = 0.0
KEY: shoot_gun ACC = 0.0
KEY: situp ACC = 0.0
KEY: smoke ACC = 0.27586206896551724
KEY: stand ACC = 0.0
KEY: sword ACC = 0.1
KEY: talk ACC = 0.06896551724137931
KEY: turn ACC = 0.26666666666666666
KEY: wave ACC = 0.0
KEY: cartwheel ACC = 0.0
KEY: chew ACC = 0.3
KEY: climb ACC = 0.23333333333333334
KEY: dive ACC = 0.3333333333333333
KEY: dribble ACC = 0.27586206896551724
KEY: eat ACC = 0.1724137931034483
KEY: fencing ACC = 0.0
KEY: golf ACC = 0.6666666666666666
KEY: hit ACC = 0.2
KEY: jump ACC = 0.13333333333333333
KEY: kick_ball ACC = 0.0
KEY: laugh ACC = 0.03333333333333333
KEY: pour ACC = 0.0
KEY: punch ACC = 0.0
KEY: pushup ACC = 0.0
KEY: ride_horse ACC = 0.1
KEY: shake_hands ACC = 0.0
KEY: shoot_bow ACC = 0.16666666666666666
KEY: sit ACC = 0.0
KEY: smile ACC = 0.36666666666666664
KEY: somersault ACC = 0.03333333333333333
KEY: swing_baseball ACC = 0.0
KEY: sword_exercise ACC = 0.0
KEY: throw ACC = 0.0
KEY: walk ACC = 0.03333333333333333
WEIGHTED AVERAGE ACCURACY = 0.11008569545154909
