
Eval Config:
USE_PARALLEL         : False                         
NUM_PARALLEL_CORES   : 1                             
BREAK_ON_ERROR       : True                          
RETURN_ON_ERROR      : False                         
LOG_ON_ERROR         : /export/home/group07/test/W2/part2/task_2_3/TrackEval/error_log.txt
PRINT_RESULTS        : True                          
PRINT_ONLY_COMBINED  : False                         
PRINT_CONFIG         : True                          
TIME_PROGRESS        : True                          
DISPLAY_LESS_PROGRESS : False                         
OUTPUT_SUMMARY       : True                          
OUTPUT_EMPTY_CLASSES : True                          
OUTPUT_DETAILED      : True                          
PLOT_CURVES          : True                          

MotChallenge2DBox Config:
PRINT_CONFIG         : True                          
GT_FOLDER            : /export/home/group07/test/W2/part2/task_2_3/TrackEval/data/gt/mot_challenge/
TRACKERS_FOLDER      : /export/home/group07/test/W2/part2/task_2_3/TrackEval/data/trackers/mot_challenge/
OUTPUT_FOLDER        : None                          
TRACKERS_TO_EVAL     : None                          
CLASSES_TO_EVAL      : ['pedestrian']                
BENCHMARK            : ai_challenge                  
SPLIT_TO_EVAL        : train                         
INPUT_AS_ZIP         : False                         
DO_PREPROC           : False                         
TRACKER_SUB_FOLDER   : data                          
OUTPUT_SUB_FOLDER    :                               
TRACKER_DISPLAY_NAMES : None                          
SEQMAP_FOLDER        : None                          
SEQMAP_FILE          : None                          
SEQ_INFO             : None                          
GT_LOC_FORMAT        : {gt_folder}/{seq}/gt/gt.txt   
SKIP_SPLIT_FOL       : False                         

Identity Config:
METRICS              : ['Identity']                  
THRESHOLD            : 0.5                           
PRINT_CONFIG         : True                          

Evaluating 7 tracker(s) on 1 sequence(s) for 1 class(es) on MotChallenge2DBox dataset using the following metrics: Identity, Count


Evaluating task_2_2_det_th_03

    MotChallenge2DBox.get_raw_seq_data(task_2_2_det_th_03, ai_challenge-03) 0.5134 sec
    MotChallenge2DBox.get_preprocessed_seq_data(pedestrian)                0.3026 sec
    Identity.eval_sequence()                                               0.0895 sec
    Count.eval_sequence()                                                  0.0000 sec
1 eval_sequence(ai_challenge-03, task_2_2_det_th_03)                     0.9158 sec

All sequences for task_2_2_det_th_03 finished in 0.92 seconds

Identity: task_2_2_det_th_03-pedestrianIDF1      IDR       IDP       IDTP      IDFN      IDFP      
ai_challenge-03                    42.555    45.763    39.768    9882      11712     14967     
COMBINED                           42.555    45.763    39.768    9882      11712     14967     

Count: task_2_2_det_th_03-pedestrianDets      GT_Dets   IDs       GT_IDs    
ai_challenge-03                    24849     21594     770       56        
COMBINED                           24849     21594     770       56        

Evaluating task_2_1_det_th_05

    MotChallenge2DBox.get_raw_seq_data(task_2_1_det_th_05, ai_challenge-03) 0.4140 sec
    MotChallenge2DBox.get_preprocessed_seq_data(pedestrian)                0.2817 sec
    Identity.eval_sequence()                                               0.0823 sec
    Count.eval_sequence()                                                  0.0000 sec
2 eval_sequence(ai_challenge-03, task_2_1_det_th_05)                     0.7876 sec

All sequences for task_2_1_det_th_05 finished in 0.79 seconds

Identity: task_2_1_det_th_05-pedestrianIDF1      IDR       IDP       IDTP      IDFN      IDFP      
ai_challenge-03                    47.35     44.915    50.065    9699      11895     9674      
COMBINED                           47.35     44.915    50.065    9699      11895     9674      

Count: task_2_1_det_th_05-pedestrianDets      GT_Dets   IDs       GT_IDs    
ai_challenge-03                    19373     21594     800       56        
COMBINED                           19373     21594     800       56        

Evaluating task_2_1

    MotChallenge2DBox.get_raw_seq_data(task_2_1, ai_challenge-03)          0.3027 sec
    MotChallenge2DBox.get_preprocessed_seq_data(pedestrian)                0.2176 sec
    Identity.eval_sequence()                                               0.0305 sec
    Count.eval_sequence()                                                  0.0000 sec
3 eval_sequence(ai_challenge-03, task_2_1)                               0.5566 sec

All sequences for task_2_1 finished in 0.56 seconds

Identity: task_2_1-pedestrian      IDF1      IDR       IDP       IDTP      IDFN      IDFP      
ai_challenge-03                    27.215    16.88     70.191    3645      17949     1548      
COMBINED                           27.215    16.88     70.191    3645      17949     1548      

Count: task_2_1-pedestrian         Dets      GT_Dets   IDs       GT_IDs    
ai_challenge-03                    5193      21594     153       56        
COMBINED                           5193      21594     153       56        

Evaluating task_2_2

    MotChallenge2DBox.get_raw_seq_data(task_2_2, ai_challenge-03)          0.3756 sec
    MotChallenge2DBox.get_preprocessed_seq_data(pedestrian)                0.2845 sec
    Identity.eval_sequence()                                               0.0379 sec
    Count.eval_sequence()                                                  0.0000 sec
4 eval_sequence(ai_challenge-03, task_2_2)                               0.7051 sec

All sequences for task_2_2 finished in 0.71 seconds

Identity: task_2_2-pedestrian      IDF1      IDR       IDP       IDTP      IDFN      IDFP      
ai_challenge-03                    43.958    36.019    56.387    7778      13816     6016      
COMBINED                           43.958    36.019    56.387    7778      13816     6016      

Count: task_2_2-pedestrian         Dets      GT_Dets   IDs       GT_IDs    
ai_challenge-03                    13794     21594     232       56        
COMBINED                           13794     21594     232       56        

Evaluating task_2_2_det_th_05

    MotChallenge2DBox.get_raw_seq_data(task_2_2_det_th_05, ai_challenge-03) 0.4209 sec
    MotChallenge2DBox.get_preprocessed_seq_data(pedestrian)                0.2832 sec
    Identity.eval_sequence()                                               0.0413 sec
    Count.eval_sequence()                                                  0.0000 sec
5 eval_sequence(ai_challenge-03, task_2_2_det_th_05)                     0.7528 sec

All sequences for task_2_2_det_th_05 finished in 0.75 seconds

Identity: task_2_2_det_th_05-pedestrianIDF1      IDR       IDP       IDTP      IDFN      IDFP      
ai_challenge-03                    49.933    44.823    56.358    9679      11915     7495      
COMBINED                           49.933    44.823    56.358    9679      11915     7495      

Count: task_2_2_det_th_05-pedestrianDets      GT_Dets   IDs       GT_IDs    
ai_challenge-03                    17174     21594     328       56        
COMBINED                           17174     21594     328       56        

Evaluating task_2_1_min_iou_07

    MotChallenge2DBox.get_raw_seq_data(task_2_1_min_iou_07, ai_challenge-03) 0.4036 sec
    MotChallenge2DBox.get_preprocessed_seq_data(pedestrian)                0.2865 sec
    Identity.eval_sequence()                                               0.1025 sec
    Count.eval_sequence()                                                  0.0000 sec
6 eval_sequence(ai_challenge-03, task_2_1_min_iou_07)                    0.8000 sec

All sequences for task_2_1_min_iou_07 finished in 0.80 seconds

Identity: task_2_1_min_iou_07-pedestrianIDF1      IDR       IDP       IDTP      IDFN      IDFP      
ai_challenge-03                    44.91     38.14     54.601    8236      13358     6848      
COMBINED                           44.91     38.14     54.601    8236      13358     6848      

Count: task_2_1_min_iou_07-pedestrianDets      GT_Dets   IDs       GT_IDs    
ai_challenge-03                    15084     21594     833       56        
COMBINED                           15084     21594     833       56        

Evaluating task_2_1_det_th_05_min_iou_07

    MotChallenge2DBox.get_raw_seq_data(task_2_1_det_th_05_min_iou_07, ai_challenge-03) 0.4329 sec
    MotChallenge2DBox.get_preprocessed_seq_data(pedestrian)                0.2790 sec
    Identity.eval_sequence()                                               0.2734 sec
    Count.eval_sequence()                                                  0.0000 sec
7 eval_sequence(ai_challenge-03, task_2_1_det_th_05_min_iou_07)          0.9984 sec

All sequences for task_2_1_det_th_05_min_iou_07 finished in 1.00 seconds

Identity: task_2_1_det_th_05_min_iou_07-pedestrianIDF1      IDR       IDP       IDTP      IDFN      IDFP      
ai_challenge-03                    40.641    38.58     42.934    8331      13263     11073     
COMBINED                           40.641    38.58     42.934    8331      13263     11073     

Count: task_2_1_det_th_05_min_iou_07-pedestrianDets      GT_Dets   IDs       GT_IDs    
ai_challenge-03                    19404     21594     1542      56        
COMBINED                           19404     21594     1542      56        

Timing analysis:
MotChallenge2DBox.get_raw_seq_data                                     2.8632 sec
MotChallenge2DBox.get_preprocessed_seq_data                            1.9350 sec
Identity.eval_sequence                                                 0.6574 sec
Count.eval_sequence                                                    0.0000 sec
eval_sequence                                                          5.5163 sec
Evaluator.evaluate                                                     5.5229 sec
