
Eval Config:
USE_PARALLEL         : False                         
NUM_PARALLEL_CORES   : 1                             
BREAK_ON_ERROR       : True                          
RETURN_ON_ERROR      : False                         
LOG_ON_ERROR         : /export/home/group07/test/W3/task_1_3/TrackEval/error_log.txt
PRINT_RESULTS        : True                          
PRINT_ONLY_COMBINED  : False                         
PRINT_CONFIG         : True                          
TIME_PROGRESS        : True                          
DISPLAY_LESS_PROGRESS : False                         
OUTPUT_SUMMARY       : True                          
OUTPUT_EMPTY_CLASSES : True                          
OUTPUT_DETAILED      : True                          
PLOT_CURVES          : True                          

MotChallenge2DBox Config:
PRINT_CONFIG         : True                          
GT_FOLDER            : /export/home/group07/test/W3/task_1_3/TrackEval/data/gt/mot_challenge/
TRACKERS_FOLDER      : /export/home/group07/test/W3/task_1_3/TrackEval/data/trackers/mot_challenge/
OUTPUT_FOLDER        : None                          
TRACKERS_TO_EVAL     : None                          
CLASSES_TO_EVAL      : ['pedestrian']                
BENCHMARK            : task3                         
SPLIT_TO_EVAL        : train                         
INPUT_AS_ZIP         : False                         
DO_PREPROC           : False                         
TRACKER_SUB_FOLDER   : data                          
OUTPUT_SUB_FOLDER    :                               
TRACKER_DISPLAY_NAMES : None                          
SEQMAP_FOLDER        : None                          
SEQMAP_FILE          : None                          
SEQ_INFO             : None                          
GT_LOC_FORMAT        : {gt_folder}/{seq}/gt/gt.txt   
SKIP_SPLIT_FOL       : False                         

Evaluating 1 tracker(s) on 1 sequence(s) for 1 class(es) on MotChallenge2DBox dataset using the following metrics: HOTA, Count


Evaluating task3_2_1_th_05_iou_04

    MotChallenge2DBox.get_raw_seq_data(task3_2_1_th_05_iou_04, task3-01)   0.2701 sec
    MotChallenge2DBox.get_preprocessed_seq_data(pedestrian)                0.2417 sec
    HOTA.eval_sequence()                                                   0.4135 sec
    Count.eval_sequence()                                                  0.0000 sec
1 eval_sequence(task3-01, task3_2_1_th_05_iou_04)                        0.9335 sec

All sequences for task3_2_1_th_05_iou_04 finished in 0.93 seconds

HOTA: task3_2_1_th_05_iou_04-pedestrianHOTA      DetA      AssA      DetRe     DetPr     AssRe     AssPr     LocA      OWTA      HOTA(0)   LocA(0)   HOTALocA(0)
task3-01                           17.947    7.4021    44.052    60.816    7.5204    64.668    50.168    71.336    51.479    28.467    61.109    17.396    
COMBINED                           17.947    7.4021    44.052    60.816    7.5204    64.668    50.168    71.336    51.479    28.467    61.109    17.396    

Count: task3_2_1_th_05_iou_04-pedestrianDets      GT_Dets   IDs       GT_IDs    
task3-01                           15009     1856      261       14        
COMBINED                           15009     1856      261       14        

Timing analysis:
MotChallenge2DBox.get_raw_seq_data                                     0.2701 sec
MotChallenge2DBox.get_preprocessed_seq_data                            0.2417 sec
HOTA.eval_sequence                                                     0.4135 sec
Count.eval_sequence                                                    0.0000 sec
eval_sequence                                                          0.9335 sec
Evaluator.evaluate                                                     1.6266 sec
