
Eval Config:
USE_PARALLEL         : False                         
NUM_PARALLEL_CORES   : 1                             
BREAK_ON_ERROR       : True                          
RETURN_ON_ERROR      : False                         
LOG_ON_ERROR         : /export/home/group07/test/W3/task_1_3/TrackEval/error_log.txt
PRINT_RESULTS        : True                          
PRINT_ONLY_COMBINED  : False                         
PRINT_CONFIG         : True                          
TIME_PROGRESS        : True                          
DISPLAY_LESS_PROGRESS : False                         
OUTPUT_SUMMARY       : True                          
OUTPUT_EMPTY_CLASSES : True                          
OUTPUT_DETAILED      : True                          
PLOT_CURVES          : True                          

MotChallenge2DBox Config:
PRINT_CONFIG         : True                          
GT_FOLDER            : /export/home/group07/test/W3/task_1_3/TrackEval/data/gt/mot_challenge/
TRACKERS_FOLDER      : /export/home/group07/test/W3/task_1_3/TrackEval/data/trackers/mot_challenge/
OUTPUT_FOLDER        : None                          
TRACKERS_TO_EVAL     : None                          
CLASSES_TO_EVAL      : ['pedestrian']                
BENCHMARK            : task3                         
SPLIT_TO_EVAL        : train                         
INPUT_AS_ZIP         : False                         
DO_PREPROC           : False                         
TRACKER_SUB_FOLDER   : data                          
OUTPUT_SUB_FOLDER    :                               
TRACKER_DISPLAY_NAMES : None                          
SEQMAP_FOLDER        : None                          
SEQMAP_FILE          : None                          
SEQ_INFO             : None                          
GT_LOC_FORMAT        : {gt_folder}/{seq}/gt/gt.txt   
SKIP_SPLIT_FOL       : False                         

Evaluating 1 tracker(s) on 1 sequence(s) for 1 class(es) on MotChallenge2DBox dataset using the following metrics: HOTA, Count


Evaluating task3_2_1_th_05_iou_04

    MotChallenge2DBox.get_raw_seq_data(task3_2_1_th_05_iou_04, task3-01)   0.2496 sec
    MotChallenge2DBox.get_preprocessed_seq_data(pedestrian)                0.2607 sec
    HOTA.eval_sequence()                                                   0.5315 sec
    Count.eval_sequence()                                                  0.0000 sec
1 eval_sequence(task3-01, task3_2_1_th_05_iou_04)                        1.0480 sec

All sequences for task3_2_1_th_05_iou_04 finished in 1.05 seconds

HOTA: task3_2_1_th_05_iou_04-pedestrianHOTA      DetA      AssA      DetRe     DetPr     AssRe     AssPr     LocA      OWTA      HOTA(0)   LocA(0)   HOTALocA(0)
task3-01                           30.549    23.204    42.728    47.806    26.438    66.322    47.056    68.615    44.143    52.513    55.859    29.333    
COMBINED                           30.549    23.204    42.728    47.806    26.438    66.322    47.056    68.615    44.143    52.513    55.859    29.333    

Count: task3_2_1_th_05_iou_04-pedestrianDets      GT_Dets   IDs       GT_IDs    
task3-01                           9052      5006      386       80        
COMBINED                           9052      5006      386       80        

Timing analysis:
MotChallenge2DBox.get_raw_seq_data                                     0.2496 sec
MotChallenge2DBox.get_preprocessed_seq_data                            0.2607 sec
HOTA.eval_sequence                                                     0.5315 sec
Count.eval_sequence                                                    0.0000 sec
eval_sequence                                                          1.0480 sec
Evaluator.evaluate                                                     1.6700 sec
