
Eval Config:
USE_PARALLEL         : False                         
NUM_PARALLEL_CORES   : 1                             
BREAK_ON_ERROR       : True                          
RETURN_ON_ERROR      : False                         
LOG_ON_ERROR         : /export/home/group07/test/W3/task_1_3/TrackEval/error_log.txt
PRINT_RESULTS        : True                          
PRINT_ONLY_COMBINED  : False                         
PRINT_CONFIG         : True                          
TIME_PROGRESS        : True                          
DISPLAY_LESS_PROGRESS : False                         
OUTPUT_SUMMARY       : True                          
OUTPUT_EMPTY_CLASSES : True                          
OUTPUT_DETAILED      : True                          
PLOT_CURVES          : True                          

MotChallenge2DBox Config:
PRINT_CONFIG         : True                          
GT_FOLDER            : /export/home/group07/test/W3/task_1_3/TrackEval/data/gt/mot_challenge/
TRACKERS_FOLDER      : /export/home/group07/test/W3/task_1_3/TrackEval/data/trackers/mot_challenge/
OUTPUT_FOLDER        : None                          
TRACKERS_TO_EVAL     : None                          
CLASSES_TO_EVAL      : ['pedestrian']                
BENCHMARK            : task3                         
SPLIT_TO_EVAL        : train                         
INPUT_AS_ZIP         : False                         
DO_PREPROC           : False                         
TRACKER_SUB_FOLDER   : data                          
OUTPUT_SUB_FOLDER    :                               
TRACKER_DISPLAY_NAMES : None                          
SEQMAP_FOLDER        : None                          
SEQMAP_FILE          : None                          
SEQ_INFO             : None                          
GT_LOC_FORMAT        : {gt_folder}/{seq}/gt/gt.txt   
SKIP_SPLIT_FOL       : False                         

Identity Config:
METRICS              : ['Identity']                  
THRESHOLD            : 0.5                           
PRINT_CONFIG         : True                          

Evaluating 1 tracker(s) on 1 sequence(s) for 1 class(es) on MotChallenge2DBox dataset using the following metrics: Identity, Count


Evaluating task3_2_1_th_05_iou_04

    MotChallenge2DBox.get_raw_seq_data(task3_2_1_th_05_iou_04, task3-01)   0.2681 sec
    MotChallenge2DBox.get_preprocessed_seq_data(pedestrian)                0.2356 sec
    Identity.eval_sequence()                                               0.0318 sec
    Count.eval_sequence()                                                  0.0000 sec
1 eval_sequence(task3-01, task3_2_1_th_05_iou_04)                        0.5401 sec

All sequences for task3_2_1_th_05_iou_04 finished in 0.54 seconds

Identity: task3_2_1_th_05_iou_04-pedestrianIDF1      IDR       IDP       IDTP      IDFN      IDFP      
task3-01                           18.025    81.897    10.127    1520      336       13489     
COMBINED                           18.025    81.897    10.127    1520      336       13489     

Count: task3_2_1_th_05_iou_04-pedestrianDets      GT_Dets   IDs       GT_IDs    
task3-01                           15009     1856      261       14        
COMBINED                           15009     1856      261       14        

Timing analysis:
MotChallenge2DBox.get_raw_seq_data                                     0.2681 sec
MotChallenge2DBox.get_preprocessed_seq_data                            0.2356 sec
Identity.eval_sequence                                                 0.0318 sec
Count.eval_sequence                                                    0.0000 sec
eval_sequence                                                          0.5401 sec
Evaluator.evaluate                                                     0.5409 sec
