
Eval Config:
USE_PARALLEL         : False                         
NUM_PARALLEL_CORES   : 1                             
BREAK_ON_ERROR       : True                          
RETURN_ON_ERROR      : False                         
LOG_ON_ERROR         : /export/home/group07/test/W2/part2/task_2_3/TrackEval/error_log.txt
PRINT_RESULTS        : True                          
PRINT_ONLY_COMBINED  : False                         
PRINT_CONFIG         : True                          
TIME_PROGRESS        : True                          
DISPLAY_LESS_PROGRESS : False                         
OUTPUT_SUMMARY       : True                          
OUTPUT_EMPTY_CLASSES : True                          
OUTPUT_DETAILED      : True                          
PLOT_CURVES          : True                          

MotChallenge2DBox Config:
PRINT_CONFIG         : True                          
GT_FOLDER            : /export/home/group07/test/W2/part2/task_2_3/TrackEval/data/gt/mot_challenge/
TRACKERS_FOLDER      : /export/home/group07/test/W2/part2/task_2_3/TrackEval/data/trackers/mot_challenge/
OUTPUT_FOLDER        : None                          
TRACKERS_TO_EVAL     : None                          
CLASSES_TO_EVAL      : ['pedestrian']                
BENCHMARK            : ai_challenge                  
SPLIT_TO_EVAL        : train                         
INPUT_AS_ZIP         : False                         
DO_PREPROC           : False                         
TRACKER_SUB_FOLDER   : data                          
OUTPUT_SUB_FOLDER    :                               
TRACKER_DISPLAY_NAMES : None                          
SEQMAP_FOLDER        : None                          
SEQMAP_FILE          : None                          
SEQ_INFO             : None                          
GT_LOC_FORMAT        : {gt_folder}/{seq}/gt/gt.txt   
SKIP_SPLIT_FOL       : False                         

Evaluating 2 tracker(s) on 1 sequence(s) for 1 class(es) on MotChallenge2DBox dataset using the following metrics: HOTA, Count


Evaluating task_2_1

    MotChallenge2DBox.get_raw_seq_data(task_2_1, ai_challenge-03)          0.2922 sec
    MotChallenge2DBox.get_preprocessed_seq_data(pedestrian)                0.2065 sec
    HOTA.eval_sequence()                                                   0.2924 sec
    Count.eval_sequence()                                                  0.0000 sec
1 eval_sequence(ai_challenge-03, task_2_1)                               0.7982 sec

All sequences for task_2_1 finished in 0.80 seconds

HOTA: task_2_1-pedestrian          HOTA      DetA      AssA      DetRe     DetPr     AssRe     AssPr     LocA      OWTA      HOTA(0)   LocA(0)   HOTALocA(0)
ai_challenge-03                    23.865    17.832    32.798    18.45     76.722    33.54     90.663    83.396    24.346    27.705    76.406    21.168    
COMBINED                           23.865    17.832    32.798    18.45     76.722    33.54     90.663    83.396    24.346    27.705    76.406    21.168    

Count: task_2_1-pedestrian         Dets      GT_Dets   IDs       GT_IDs    
ai_challenge-03                    5193      21594     153       56        
COMBINED                           5193      21594     153       56        

Evaluating task_2_2

    MotChallenge2DBox.get_raw_seq_data(task_2_2, ai_challenge-03)          0.3571 sec
    MotChallenge2DBox.get_preprocessed_seq_data(pedestrian)                0.2682 sec
    HOTA.eval_sequence()                                                   0.6750 sec
    Count.eval_sequence()                                                  0.0000 sec
2 eval_sequence(ai_challenge-03, task_2_2)                               1.3065 sec

All sequences for task_2_2 finished in 1.31 seconds

HOTA: task_2_2-pedestrian          HOTA      DetA      AssA      DetRe     DetPr     AssRe     AssPr     LocA      OWTA      HOTA(0)   LocA(0)   HOTALocA(0)
ai_challenge-03                    47.837    45.378    53.022    49.037    76.766    54.045    90.889    82.856    50.178    56.196    76.045    42.734    
COMBINED                           47.837    45.378    53.022    49.037    76.766    54.045    90.889    82.856    50.178    56.196    76.045    42.734    

Count: task_2_2-pedestrian         Dets      GT_Dets   IDs       GT_IDs    
ai_challenge-03                    13794     21594     232       56        
COMBINED                           13794     21594     232       56        

Timing analysis:
MotChallenge2DBox.get_raw_seq_data                                     0.6493 sec
MotChallenge2DBox.get_preprocessed_seq_data                            0.4747 sec
HOTA.eval_sequence                                                     0.9674 sec
Count.eval_sequence                                                    0.0000 sec
eval_sequence                                                          2.1047 sec
Evaluator.evaluate                                                     2.9968 sec
