[03/01 11:43:45 d2.checkpoint.detection_checkpoint]: [DetectionCheckpointer] Loading from https://dl.fbaipublicfiles.com/detectron2/COCO-Detection/faster_rcnn_R_50_C4_1x/137257644/model_final_721ade.pkl ...
Ouput of pred_classes:
 tensor([ 2,  0,  2, 10,  1,  2,  2,  2,  2,  2], device='cuda:0')



Output of instances: 
 Boxes(tensor([[1285.3004,  364.4191, 1518.7023,  541.2065],
        [ 477.2711,  211.3203,  522.8663,  334.1030],
        [ 562.8592,   99.9554,  657.8970,  171.4308],
        [ 373.7455,  303.3499,  406.5592,  376.2862],
        [ 476.7658,  258.4080,  512.6279,  360.1454],
        [ 882.5051,   90.3560,  942.2137,  141.0354],
        [ 928.6522,   79.7218, 1013.1580,  145.1660],
        [1178.5162,   98.3004, 1235.0864,  155.7297],
        [ 586.0348,   73.0333,  659.6928,  106.6196],
        [ 563.5777,   73.0527,  656.3798,  124.1887]], device='cuda:0'))



Whole output:
 {'instances': Instances(num_instances=10, image_height=1080, image_width=1920, fields=[pred_boxes: Boxes(tensor([[1285.3004,  364.4191, 1518.7023,  541.2065],
        [ 477.2711,  211.3203,  522.8663,  334.1030],
        [ 562.8592,   99.9554,  657.8970,  171.4308],
        [ 373.7455,  303.3499,  406.5592,  376.2862],
        [ 476.7658,  258.4080,  512.6279,  360.1454],
        [ 882.5051,   90.3560,  942.2137,  141.0354],
        [ 928.6522,   79.7218, 1013.1580,  145.1660],
        [1178.5162,   98.3004, 1235.0864,  155.7297],
        [ 586.0348,   73.0333,  659.6928,  106.6196],
        [ 563.5777,   73.0527,  656.3798,  124.1887]], device='cuda:0')), scores: tensor([0.9925, 0.9587, 0.9521, 0.9449, 0.9019, 0.8828, 0.8578, 0.7199, 0.6947,
        0.5086], device='cuda:0'), pred_classes: tensor([ 2,  0,  2, 10,  1,  2,  2,  2,  2,  2], device='cuda:0')])}
