SAVED VAL LOSS: 
 None

SAVED EPOCH: 
 500
KEY: brush_hair ACC = 0.43333333333333335
KEY: catch ACC = 0.1
KEY: clap ACC = 0.03333333333333333
KEY: climb_stairs ACC = 0.13333333333333333
KEY: draw_sword ACC = 0.03333333333333333
KEY: drink ACC = 0.16666666666666666
KEY: fall_floor ACC = 0.034482758620689655
KEY: flic_flac ACC = 0.034482758620689655
KEY: handstand ACC = 0.0
KEY: hug ACC = 0.3333333333333333
KEY: kick ACC = 0.0
KEY: kiss ACC = 0.41379310344827586
KEY: pick ACC = 0.0
KEY: pullup ACC = 0.0
KEY: push ACC = 0.13333333333333333
KEY: ride_bike ACC = 0.5
KEY: run ACC = 0.03333333333333333
KEY: shoot_ball ACC = 0.13793103448275862
KEY: shoot_gun ACC = 0.0
KEY: situp ACC = 0.20689655172413793
KEY: smoke ACC = 0.10344827586206896
KEY: stand ACC = 0.0
KEY: sword ACC = 0.06666666666666667
KEY: talk ACC = 0.3448275862068966
KEY: turn ACC = 0.0
KEY: wave ACC = 0.0
KEY: cartwheel ACC = 0.06666666666666667
KEY: chew ACC = 0.16666666666666666
KEY: climb ACC = 0.2
KEY: dive ACC = 0.13333333333333333
KEY: dribble ACC = 0.10344827586206896
KEY: eat ACC = 0.4482758620689655
KEY: fencing ACC = 0.03333333333333333
KEY: golf ACC = 0.9333333333333333
KEY: hit ACC = 0.13333333333333333
KEY: jump ACC = 0.03333333333333333
KEY: kick_ball ACC = 0.16666666666666666
KEY: laugh ACC = 0.13333333333333333
KEY: pour ACC = 0.5666666666666667
KEY: punch ACC = 0.03333333333333333
KEY: pushup ACC = 0.0
KEY: ride_horse ACC = 0.1
KEY: shake_hands ACC = 0.06896551724137931
KEY: shoot_bow ACC = 0.06666666666666667
KEY: sit ACC = 0.0
KEY: smile ACC = 0.03333333333333333
KEY: somersault ACC = 0.36666666666666664
KEY: swing_baseball ACC = 0.2413793103448276
KEY: sword_exercise ACC = 0.0
KEY: throw ACC = 0.1
KEY: walk ACC = 0.06666666666666667
