SAVED VAL LOSS: 
 None

SAVED EPOCH: 
 500

 
KEY: brush_hair ACC = 0.4
KEY: catch ACC = 0.03333333333333333
KEY: clap ACC = 0.03333333333333333
KEY: climb_stairs ACC = 0.16666666666666666
KEY: draw_sword ACC = 0.06666666666666667
KEY: drink ACC = 0.16666666666666666
KEY: fall_floor ACC = 0.034482758620689655
KEY: flic_flac ACC = 0.0
KEY: handstand ACC = 0.0
KEY: hug ACC = 0.36666666666666664
KEY: kick ACC = 0.03333333333333333
KEY: kiss ACC = 0.4827586206896552
KEY: pick ACC = 0.0
KEY: pullup ACC = 0.03333333333333333
KEY: push ACC = 0.16666666666666666
KEY: ride_bike ACC = 0.5333333333333333
KEY: run ACC = 0.06666666666666667
KEY: shoot_ball ACC = 0.1724137931034483
KEY: shoot_gun ACC = 0.0
KEY: situp ACC = 0.13793103448275862
KEY: smoke ACC = 0.034482758620689655
KEY: stand ACC = 0.0
KEY: sword ACC = 0.06666666666666667
KEY: talk ACC = 0.3103448275862069
KEY: turn ACC = 0.0
KEY: wave ACC = 0.0
KEY: cartwheel ACC = 0.03333333333333333
KEY: chew ACC = 0.2
KEY: climb ACC = 0.23333333333333334
KEY: dive ACC = 0.13333333333333333
KEY: dribble ACC = 0.10344827586206896
KEY: eat ACC = 0.3103448275862069
KEY: fencing ACC = 0.03333333333333333
KEY: golf ACC = 0.9333333333333333
KEY: hit ACC = 0.06666666666666667
KEY: jump ACC = 0.03333333333333333
KEY: kick_ball ACC = 0.06666666666666667
KEY: laugh ACC = 0.16666666666666666
KEY: pour ACC = 0.6
KEY: punch ACC = 0.06666666666666667
KEY: pushup ACC = 0.03333333333333333
KEY: ride_horse ACC = 0.06666666666666667
KEY: shake_hands ACC = 0.10344827586206896
KEY: shoot_bow ACC = 0.13333333333333333
KEY: sit ACC = 0.03333333333333333
KEY: smile ACC = 0.0
KEY: somersault ACC = 0.36666666666666664
KEY: swing_baseball ACC = 0.27586206896551724
KEY: sword_exercise ACC = 0.0
KEY: throw ACC = 0.1
KEY: walk ACC = 0.03333333333333333
